# JRE version: OpenJDK Runtime Environment (11.0.15) (build 11.0.15+0-b2043.56-9505619)
# Java VM: OpenJDK 64-Bit Server VM (11.0.15+0-b2043.56-9505619, mixed mode, tiered, compressed oops, g1 gc, windows-amd64)
Heap:
 garbage-first heap   total 559104K, used 273982K [0x0000000080000000, 0x0000000100000000)
  region size 1024K, 24 young (24576K), 3 survivors (3072K)
 Metaspace       used 153135K, capacity 157804K, committed 158032K, reserved 1187840K
  class space    used 18953K, capacity 20687K, committed 20736K, reserved 1048576K
GC Heap History (20 events):
Event: 573.253 GC heap before
{Heap before GC invocations=174 (full 0):
 garbage-first heap   total 464896K, used 352448K [0x0000000080000000, 0x0000000100000000)
  region size 1024K, 45 young (46080K), 6 survivors (6144K)
 Metaspace       used 138032K, capacity 142164K, committed 142288K, reserved 1173504K
  class space    used 17233K, capacity 18754K, committed 18816K, reserved 1048576K
}
Event: 573.301 GC heap after
{Heap after GC invocations=175 (full 0):
 garbage-first heap   total 464896K, used 319361K [0x0000000080000000, 0x0000000100000000)
  region size 1024K, 6 young (6144K), 6 survivors (6144K)
 Metaspace       used 138032K, capacity 142164K, committed 142288K, reserved 1173504K
  class space    used 17233K, capacity 18754K, committed 18816K, reserved 1048576K
}
Event: 577.422 GC heap before
{Heap before GC invocations=176 (full 0):
 garbage-first heap   total 464896K, used 354177K [0x0000000080000000, 0x0000000100000000)
  region size 1024K, 46 young (47104K), 6 survivors (6144K)
 Metaspace       used 138535K, capacity 142626K, committed 142800K, reserved 1173504K
  class space    used 17286K, capacity 18814K, committed 18816K, reserved 1048576K
}
Event: 577.473 GC heap after
{Heap after GC invocations=177 (full 0):
 garbage-first heap   total 464896K, used 316928K [0x0000000080000000, 0x0000000100000000)
  region size 1024K, 4 young (4096K), 4 survivors (4096K)
 Metaspace       used 138535K, capacity 142626K, committed 142800K, reserved 1173504K
  class space    used 17286K, capacity 18814K, committed 18816K, reserved 1048576K
}
Event: 578.539 GC heap before
{Heap before GC invocations=177 (full 0):
 garbage-first heap   total 464896K, used 339456K [0x0000000080000000, 0x0000000100000000)
  region size 1024K, 22 young (22528K), 4 survivors (4096K)
 Metaspace       used 138650K, capacity 142728K, committed 142928K, reserved 1173504K
  class space    used 17301K, capacity 18825K, committed 18944K, reserved 1048576K
}
Event: 578.581 GC heap after
{Heap after GC invocations=178 (full 0):
 garbage-first heap   total 559104K, used 312153K [0x0000000080000000, 0x0000000100000000)
  region size 1024K, 1 young (1024K), 1 survivors (1024K)
 Metaspace       used 138650K, capacity 142728K, committed 142928K, reserved 1173504K
  class space    used 17301K, capacity 18825K, committed 18944K, reserved 1048576K
}
Event: 585.250 GC heap before
{Heap before GC invocations=178 (full 0):
 garbage-first heap   total 559104K, used 400217K [0x0000000080000000, 0x0000000100000000)
  region size 1024K, 77 young (78848K), 1 survivors (1024K)
 Metaspace       used 139148K, capacity 143266K, committed 143440K, reserved 1173504K
  class space    used 17353K, capacity 18894K, committed 18944K, reserved 1048576K
}
Event: 585.276 GC heap after
{Heap after GC invocations=179 (full 0):
 garbage-first heap   total 559104K, used 333312K [0x0000000080000000, 0x0000000100000000)
  region size 1024K, 10 young (10240K), 10 survivors (10240K)
 Metaspace       used 139148K, capacity 143266K, committed 143440K, reserved 1173504K
  class space    used 17353K, capacity 18894K, committed 18944K, reserved 1048576K
}
Event: 590.080 GC heap before
{Heap before GC invocations=179 (full 0):
 garbage-first heap   total 559104K, used 430592K [0x0000000080000000, 0x0000000100000000)
  region size 1024K, 94 young (96256K), 10 survivors (10240K)
 Metaspace       used 139549K, capacity 143711K, committed 143952K, reserved 1175552K
  class space    used 17382K, capacity 18934K, committed 18944K, reserved 1048576K
}
Event: 590.097 GC heap after
{Heap after GC invocations=180 (full 0):
 garbage-first heap   total 559104K, used 342611K [0x0000000080000000, 0x0000000100000000)
  region size 1024K, 2 young (2048K), 2 survivors (2048K)
 Metaspace       used 139549K, capacity 143711K, committed 143952K, reserved 1175552K
  class space    used 17382K, capacity 18934K, committed 18944K, reserved 1048576K
}
Event: 590.991 GC heap before
{Heap before GC invocations=180 (full 0):
 garbage-first heap   total 559104K, used 397907K [0x0000000080000000, 0x0000000100000000)
  region size 1024K, 57 young (58368K), 2 survivors (2048K)
 Metaspace       used 139662K, capacity 143856K, committed 144080K, reserved 1175552K
  class space    used 17396K, capacity 18953K, committed 19072K, reserved 1048576K
}
Event: 591.000 GC heap after
{Heap after GC invocations=181 (full 0):
 garbage-first heap   total 559104K, used 342563K [0x0000000080000000, 0x0000000100000000)
  region size 1024K, 2 young (2048K), 2 survivors (2048K)
 Metaspace       used 139662K, capacity 143856K, committed 144080K, reserved 1175552K
  class space    used 17396K, capacity 18953K, committed 19072K, reserved 1048576K
}
Event: 592.626 GC heap before
{Heap before GC invocations=182 (full 0):
 garbage-first heap   total 559104K, used 457251K [0x0000000080000000, 0x0000000100000000)
  region size 1024K, 99 young (101376K), 2 survivors (2048K)
 Metaspace       used 139760K, capacity 144016K, committed 144336K, reserved 1175552K
  class space    used 17410K, capacity 19001K, committed 19072K, reserved 1048576K
}
Event: 592.633 GC heap after
{Heap after GC invocations=183 (full 0):
 garbage-first heap   total 559104K, used 348884K [0x0000000080000000, 0x0000000100000000)
  region size 1024K, 2 young (2048K), 2 survivors (2048K)
 Metaspace       used 139760K, capacity 144016K, committed 144336K, reserved 1175552K
  class space    used 17410K, capacity 19001K, committed 19072K, reserved 1048576K
}
Event: 593.321 GC heap before
{Heap before GC invocations=183 (full 0):
 garbage-first heap   total 559104K, used 374484K [0x0000000080000000, 0x0000000100000000)
  region size 1024K, 27 young (27648K), 2 survivors (2048K)
 Metaspace       used 139763K, capacity 144016K, committed 144336K, reserved 1175552K
  class space    used 17410K, capacity 19001K, committed 19072K, reserved 1048576K
}
Event: 593.374 GC heap after
{Heap after GC invocations=184 (full 0):
 garbage-first heap   total 559104K, used 302200K [0x0000000080000000, 0x0000000100000000)
  region size 1024K, 1 young (1024K), 1 survivors (1024K)
 Metaspace       used 139763K, capacity 144016K, committed 144336K, reserved 1175552K
  class space    used 17410K, capacity 19001K, committed 19072K, reserved 1048576K
}
Event: 611.533 GC heap before
{Heap before GC invocations=184 (full 0):
 garbage-first heap   total 559104K, used 430200K [0x0000000080000000, 0x0000000100000000)
  region size 1024K, 123 young (125952K), 1 survivors (1024K)
 Metaspace       used 151305K, capacity 155869K, committed 156240K, reserved 1185792K
  class space    used 18881K, capacity 20611K, committed 20736K, reserved 1048576K
}
Event: 611.566 GC heap after
{Heap after GC invocations=185 (full 0):
 garbage-first heap   total 559104K, used 315548K [0x0000000080000000, 0x0000000100000000)
  region size 1024K, 12 young (12288K), 12 survivors (12288K)
 Metaspace       used 151305K, capacity 155869K, committed 156240K, reserved 1185792K
  class space    used 18881K, capacity 20611K, committed 20736K, reserved 1048576K
}
Event: 614.012 GC heap before
{Heap before GC invocations=185 (full 0):
 garbage-first heap   total 559104K, used 351388K [0x0000000080000000, 0x0000000100000000)
  region size 1024K, 49 young (50176K), 12 survivors (12288K)
 Metaspace       used 153086K, capacity 157739K, committed 158032K, reserved 1187840K
  class space    used 18949K, capacity 20687K, committed 20736K, reserved 1048576K
}
Event: 614.050 GC heap after
{Heap after GC invocations=186 (full 0):
 garbage-first heap   total 559104K, used 314942K [0x0000000080000000, 0x0000000100000000)
  region size 1024K, 3 young (3072K), 3 survivors (3072K)
 Metaspace       used 153086K, capacity 157739K, committed 158032K, reserved 1187840K
  class space    used 18949K, capacity 20687K, committed 20736K, reserved 1048576K
}

