# JRE version: OpenJDK Runtime Environment Temurin-17.0.7+7 (17.0.7+7) (build 17.0.7+7)
# Java VM: OpenJDK 64-Bit Server VM Temurin-17.0.7+7 (17.0.7+7, mixed mode, emulated-client, tiered, compressed oops, compressed class ptrs, g1 gc, windows-amd64)
GC Precious Log:
 CPUs: 2 total, 2 available
 Memory: 6086M
 Large Page Support: Disabled
 NUMA Support: Disabled
 Compressed Oops: Enabled (32-bit)
 Heap Region Size: 1M
 Heap Min Capacity: 8M
 Heap Initial Capacity: 96M
 Heap Max Capacity: 1G
 Pre-touch: Disabled
 Parallel Workers: 2
 Concurrent Workers: 1
 Concurrent Refinement Workers: 2
 Periodic GC: Disabled
Heap:
 garbage-first heap   total 55296K, used 18049K [0x00000000c0000000, 0x0000000100000000)
  region size 1024K, 1 young (1024K), 0 survivors (0K)
 Metaspace       used 37112K, committed 37568K, reserved 1114112K
  class space    used 4807K, committed 4992K, reserved 1048576K
GC Heap History (20 events):
Event: 2053.910 GC heap before
{Heap before GC invocations=193 (full 182):
 garbage-first heap   total 55296K, used 18049K [0x00000000c0000000, 0x0000000100000000)
  region size 1024K, 1 young (1024K), 0 survivors (0K)
 Metaspace       used 37089K, committed 37568K, reserved 1114112K
  class space    used 4804K, committed 4992K, reserved 1048576K
}
Event: 2053.929 GC heap after
{Heap after GC invocations=194 (full 183):
 garbage-first heap   total 55296K, used 18049K [0x00000000c0000000, 0x0000000100000000)
  region size 1024K, 0 young (0K), 0 survivors (0K)
 Metaspace       used 37089K, committed 37568K, reserved 1114112K
  class space    used 4804K, committed 4992K, reserved 1048576K
}
Event: 2064.099 GC heap before
{Heap before GC invocations=194 (full 183):
 garbage-first heap   total 55296K, used 18049K [0x00000000c0000000, 0x0000000100000000)
  region size 1024K, 1 young (1024K), 0 survivors (0K)
 Metaspace       used 37089K, committed 37568K, reserved 1114112K
  class space    used 4804K, committed 4992K, reserved 1048576K
}
Event: 2064.117 GC heap after
{Heap after GC invocations=195 (full 184):
 garbage-first heap   total 55296K, used 18049K [0x00000000c0000000, 0x0000000100000000)
  region size 1024K, 0 young (0K), 0 survivors (0K)
 Metaspace       used 37089K, committed 37568K, reserved 1114112K
  class space    used 4804K, committed 4992K, reserved 1048576K
}
Event: 2074.276 GC heap before
{Heap before GC invocations=195 (full 184):
 garbage-first heap   total 55296K, used 18049K [0x00000000c0000000, 0x0000000100000000)
  region size 1024K, 1 young (1024K), 0 survivors (0K)
 Metaspace       used 37089K, committed 37568K, reserved 1114112K
  class space    used 4804K, committed 4992K, reserved 1048576K
}
Event: 2074.294 GC heap after
{Heap after GC invocations=196 (full 185):
 garbage-first heap   total 55296K, used 18049K [0x00000000c0000000, 0x0000000100000000)
  region size 1024K, 0 young (0K), 0 survivors (0K)
 Metaspace       used 37089K, committed 37568K, reserved 1114112K
  class space    used 4804K, committed 4992K, reserved 1048576K
}
Event: 2084.685 GC heap before
{Heap before GC invocations=196 (full 185):
 garbage-first heap   total 55296K, used 18049K [0x00000000c0000000, 0x0000000100000000)
  region size 1024K, 1 young (1024K), 0 survivors (0K)
 Metaspace       used 37089K, committed 37568K, reserved 1114112K
  class space    used 4804K, committed 4992K, reserved 1048576K
}
Event: 2084.703 GC heap after
{Heap after GC invocations=197 (full 186):
 garbage-first heap   total 55296K, used 18049K [0x00000000c0000000, 0x0000000100000000)
  region size 1024K, 0 young (0K), 0 survivors (0K)
 Metaspace       used 37089K, committed 37568K, reserved 1114112K
  class space    used 4804K, committed 4992K, reserved 1048576K
}
Event: 2100.988 GC heap before
{Heap before GC invocations=197 (full 186):
 garbage-first heap   total 55296K, used 18049K [0x00000000c0000000, 0x0000000100000000)
  region size 1024K, 1 young (1024K), 0 survivors (0K)
 Metaspace       used 37089K, committed 37568K, reserved 1114112K
  class space    used 4804K, committed 4992K, reserved 1048576K
}
Event: 2101.009 GC heap after
{Heap after GC invocations=198 (full 187):
 garbage-first heap   total 55296K, used 18049K [0x00000000c0000000, 0x0000000100000000)
  region size 1024K, 0 young (0K), 0 survivors (0K)
 Metaspace       used 37089K, committed 37568K, reserved 1114112K
  class space    used 4804K, committed 4992K, reserved 1048576K
}
Event: 2111.561 GC heap before
{Heap before GC invocations=198 (full 187):
 garbage-first heap   total 55296K, used 18049K [0x00000000c0000000, 0x0000000100000000)
  region size 1024K, 1 young (1024K), 0 survivors (0K)
 Metaspace       used 37089K, committed 37568K, reserved 1114112K
  class space    used 4804K, committed 4992K, reserved 1048576K
}
Event: 2111.581 GC heap after
{Heap after GC invocations=199 (full 188):
 garbage-first heap   total 55296K, used 18049K [0x00000000c0000000, 0x0000000100000000)
  region size 1024K, 0 young (0K), 0 survivors (0K)
 Metaspace       used 37089K, committed 37568K, reserved 1114112K
  class space    used 4804K, committed 4992K, reserved 1048576K
}
Event: 2121.930 GC heap before
{Heap before GC invocations=199 (full 188):
 garbage-first heap   total 55296K, used 18049K [0x00000000c0000000, 0x0000000100000000)
  region size 1024K, 1 young (1024K), 0 survivors (0K)
 Metaspace       used 37089K, committed 37568K, reserved 1114112K
  class space    used 4804K, committed 4992K, reserved 1048576K
}
Event: 2121.948 GC heap after
{Heap after GC invocations=200 (full 189):
 garbage-first heap   total 55296K, used 18049K [0x00000000c0000000, 0x0000000100000000)
  region size 1024K, 0 young (0K), 0 survivors (0K)
 Metaspace       used 37089K, committed 37568K, reserved 1114112K
  class space    used 4804K, committed 4992K, reserved 1048576K
}
Event: 2132.190 GC heap before
{Heap before GC invocations=200 (full 189):
 garbage-first heap   total 55296K, used 18049K [0x00000000c0000000, 0x0000000100000000)
  region size 1024K, 1 young (1024K), 0 survivors (0K)
 Metaspace       used 37089K, committed 37568K, reserved 1114112K
  class space    used 4804K, committed 4992K, reserved 1048576K
}
Event: 2132.208 GC heap after
{Heap after GC invocations=201 (full 190):
 garbage-first heap   total 55296K, used 18049K [0x00000000c0000000, 0x0000000100000000)
  region size 1024K, 0 young (0K), 0 survivors (0K)
 Metaspace       used 37089K, committed 37568K, reserved 1114112K
  class space    used 4804K, committed 4992K, reserved 1048576K
}
Event: 2142.549 GC heap before
{Heap before GC invocations=201 (full 190):
 garbage-first heap   total 55296K, used 18049K [0x00000000c0000000, 0x0000000100000000)
  region size 1024K, 1 young (1024K), 0 survivors (0K)
 Metaspace       used 37089K, committed 37568K, reserved 1114112K
  class space    used 4804K, committed 4992K, reserved 1048576K
}
Event: 2142.568 GC heap after
{Heap after GC invocations=202 (full 191):
 garbage-first heap   total 55296K, used 18049K [0x00000000c0000000, 0x0000000100000000)
  region size 1024K, 0 young (0K), 0 survivors (0K)
 Metaspace       used 37089K, committed 37568K, reserved 1114112K
  class space    used 4804K, committed 4992K, reserved 1048576K
}
Event: 2152.917 GC heap before
{Heap before GC invocations=202 (full 191):
 garbage-first heap   total 55296K, used 18049K [0x00000000c0000000, 0x0000000100000000)
  region size 1024K, 1 young (1024K), 0 survivors (0K)
 Metaspace       used 37089K, committed 37568K, reserved 1114112K
  class space    used 4804K, committed 4992K, reserved 1048576K
}
Event: 2152.936 GC heap after
{Heap after GC invocations=203 (full 192):
 garbage-first heap   total 55296K, used 18049K [0x00000000c0000000, 0x0000000100000000)
  region size 1024K, 0 young (0K), 0 survivors (0K)
 Metaspace       used 37089K, committed 37568K, reserved 1114112K
  class space    used 4804K, committed 4992K, reserved 1048576K
}

